INFO: [v++ 60-1306] Additional information associated with this v++ link can be found at:
	Reports: /home/YL_HUANG/8_10/alveo_U50_simple_model/build_dir.hw.xilinx_u50_xdma_201920_1/reports/link
	Log files: /home/YL_HUANG/8_10/alveo_U50_simple_model/build_dir.hw.xilinx_u50_xdma_201920_1/logs/link
INFO: [v++ 60-1548] Creating build summary session with primary output /home/YL_HUANG/8_10/alveo_U50_simple_model/build_dir.hw.xilinx_u50_xdma_201920_1/alveo_hls4ml.xclbin.link_summary, at Mon Sep 11 21:16:11 2023
INFO: [v++ 60-1316] Initiating connection to rulecheck server, at Mon Sep 11 21:16:11 2023
INFO: [v++ 60-1315] Creating rulecheck session with output '/home/YL_HUANG/8_10/alveo_U50_simple_model/build_dir.hw.xilinx_u50_xdma_201920_1/reports/link/v++_link_alveo_hls4ml_guidance.html', at Mon Sep 11 21:16:12 2023
INFO: [v++ 60-895]   Target platform: /opt/xilinx/platforms/xilinx_u50_xdma_201920_1/xilinx_u50_xdma_201920_1.xpfm
INFO: [v++ 60-1578]   This platform contains Device Support Archive '/opt/xilinx/platforms/xilinx_u50_xdma_201920_1/hw/xilinx_u50_xdma_201920_1.dsa'
INFO: [v++ 60-629] Linking for hardware target
INFO: [v++ 60-423]   Target device: xilinx_u50_xdma_201920_1
INFO: [v++ 60-1332] Run 'run_link' status: Not started
INFO: [v++ 60-1443] [21:16:17] Run run_link: Step system_link: Started
INFO: [v++ 60-1453] Command Line: system_link --xo /home/YL_HUANG/8_10/alveo_U50_simple_model/_x.hw.xilinx_u50_xdma_201920_1/alveo_hls4ml.xo -keep --config /home/YL_HUANG/8_10/alveo_U50_simple_model/build_dir.hw.xilinx_u50_xdma_201920_1/link/int/syslinkConfig.ini --xpfm /opt/xilinx/platforms/xilinx_u50_xdma_201920_1/xilinx_u50_xdma_201920_1.xpfm --target hw --output_dir /home/YL_HUANG/8_10/alveo_U50_simple_model/build_dir.hw.xilinx_u50_xdma_201920_1/link/int --temp_dir /home/YL_HUANG/8_10/alveo_U50_simple_model/build_dir.hw.xilinx_u50_xdma_201920_1/link/sys_link
INFO: [v++ 60-1454] Run Directory: /home/YL_HUANG/8_10/alveo_U50_simple_model/build_dir.hw.xilinx_u50_xdma_201920_1/link/run_link
INFO: [SYSTEM_LINK 82-76] Reading emulation BD and HPFM information
INFO: [SYSTEM_LINK 60-1316] Initiating connection to rulecheck server, at Mon Sep 11 21:16:19 2023
INFO: [SYSTEM_LINK 82-70] Extracting xo v3 file /home/YL_HUANG/8_10/alveo_U50_simple_model/_x.hw.xilinx_u50_xdma_201920_1/alveo_hls4ml.xo
INFO: [KernelCheck 83-118] 'alveo_hls4ml' kernel.xml and component.xml caseness discrepency is being corrected, S_AXI_CONTROL is being replaced by s_axi_control
INFO: [KernelCheck 83-118] 'con' kernel.xml and component.xml caseness discrepency is being corrected, S_AXI_CONTROL is being replaced by s_axi_control
INFO: [KernelCheck 83-118] 'in' kernel.xml and component.xml caseness discrepency is being corrected, S_AXI_CONTROL is being replaced by s_axi_control
INFO: [KernelCheck 83-118] 'in_w2' kernel.xml and component.xml caseness discrepency is being corrected, S_AXI_CONTROL is being replaced by s_axi_control
INFO: [KernelCheck 83-118] 'out' kernel.xml and component.xml caseness discrepency is being corrected, S_AXI_CONTROL is being replaced by s_axi_control
INFO: [SYSTEM_LINK 82-53] Creating IP database /home/YL_HUANG/8_10/alveo_U50_simple_model/build_dir.hw.xilinx_u50_xdma_201920_1/link/sys_link/_sysl/.cdb/xd_ip_db.xml
INFO: [SYSTEM_LINK 82-38] [21:16:20] build_xd_ip_db started: /opt/Xilinx/Vitis/2019.2/bin/build_xd_ip_db -ip_search 0  -sds-pf /home/YL_HUANG/8_10/alveo_U50_simple_model/build_dir.hw.xilinx_u50_xdma_201920_1/link/sys_link/xilinx_u50_xdma_201920_1.hpfm -clkid 0 -ip /home/YL_HUANG/8_10/alveo_U50_simple_model/build_dir.hw.xilinx_u50_xdma_201920_1/link/sys_link/iprepo/xilinx_com_hls_alveo_hls4ml_1_0,alveo_hls4ml -o /home/YL_HUANG/8_10/alveo_U50_simple_model/build_dir.hw.xilinx_u50_xdma_201920_1/link/sys_link/_sysl/.cdb/xd_ip_db.xml
INFO: [SYSTEM_LINK 82-37] [21:16:22] build_xd_ip_db finished successfully
Time (s): cpu = 00:00:02 ; elapsed = 00:00:02 . Memory (MB): peak = 279.227 ; gain = 0.000 ; free physical = 90537 ; free virtual = 121305
INFO: [SYSTEM_LINK 82-51] Create system connectivity graph
INFO: [SYSTEM_LINK 82-102] Applying explicit connections to the system connectivity graph: /home/YL_HUANG/8_10/alveo_U50_simple_model/build_dir.hw.xilinx_u50_xdma_201920_1/link/sys_link/cfgraph/cfgen_cfgraph.xml
INFO: [SYSTEM_LINK 82-38] [21:16:22] cfgen started: /opt/Xilinx/Vitis/2019.2/bin/cfgen  -nk alveo_hls4ml:1:alveo_hls4ml_1 -sp alveo_hls4ml_1.in:HBM[0] -sp alveo_hls4ml_1.in_w2:HBM[1] -sp alveo_hls4ml_1.out:HBM[2] -dmclkid 0 -r /home/YL_HUANG/8_10/alveo_U50_simple_model/build_dir.hw.xilinx_u50_xdma_201920_1/link/sys_link/_sysl/.cdb/xd_ip_db.xml -o /home/YL_HUANG/8_10/alveo_U50_simple_model/build_dir.hw.xilinx_u50_xdma_201920_1/link/sys_link/cfgraph/cfgen_cfgraph.xml
INFO: [CFGEN 83-0] Kernel Specs: 
INFO: [CFGEN 83-0]   kernel: alveo_hls4ml, num: 1  {alveo_hls4ml_1}
INFO: [CFGEN 83-0] Port Specs: 
INFO: [CFGEN 83-0]   kernel: alveo_hls4ml_1, k_port: in, sptag: HBM[0]
INFO: [CFGEN 83-0]   kernel: alveo_hls4ml_1, k_port: in_w2, sptag: HBM[1]
INFO: [CFGEN 83-0]   kernel: alveo_hls4ml_1, k_port: out, sptag: HBM[2]
INFO: [CFGEN 83-2228] Creating mapping for argument alveo_hls4ml_1.in to HBM[0] for directive alveo_hls4ml_1.in:HBM[0]
INFO: [CFGEN 83-2228] Creating mapping for argument alveo_hls4ml_1.in_w2 to HBM[1] for directive alveo_hls4ml_1.in_w2:HBM[1]
INFO: [CFGEN 83-2228] Creating mapping for argument alveo_hls4ml_1.out to HBM[2] for directive alveo_hls4ml_1.out:HBM[2]
INFO: [SYSTEM_LINK 82-37] [21:16:24] cfgen finished successfully
Time (s): cpu = 00:00:02 ; elapsed = 00:00:02 . Memory (MB): peak = 287.691 ; gain = 0.000 ; free physical = 90447 ; free virtual = 121215
INFO: [SYSTEM_LINK 82-52] Create top-level block diagram
INFO: [SYSTEM_LINK 82-38] [21:16:24] cf2bd started: /opt/Xilinx/Vitis/2019.2/bin/cf2bd  --linux --trace_buffer 1024 --input_file /home/YL_HUANG/8_10/alveo_U50_simple_model/build_dir.hw.xilinx_u50_xdma_201920_1/link/sys_link/cfgraph/cfgen_cfgraph.xml --ip_db /home/YL_HUANG/8_10/alveo_U50_simple_model/build_dir.hw.xilinx_u50_xdma_201920_1/link/sys_link/_sysl/.cdb/xd_ip_db.xml --cf_name dr --working_dir /home/YL_HUANG/8_10/alveo_U50_simple_model/build_dir.hw.xilinx_u50_xdma_201920_1/link/sys_link/_sysl/.xsd --temp_dir /home/YL_HUANG/8_10/alveo_U50_simple_model/build_dir.hw.xilinx_u50_xdma_201920_1/link/sys_link --output_dir /home/YL_HUANG/8_10/alveo_U50_simple_model/build_dir.hw.xilinx_u50_xdma_201920_1/link/int --target_bd pfm_dynamic.bd
INFO: [CF2BD 82-31] Launching cf2xd: cf2xd -linux -trace-buffer 1024 -i /home/YL_HUANG/8_10/alveo_U50_simple_model/build_dir.hw.xilinx_u50_xdma_201920_1/link/sys_link/cfgraph/cfgen_cfgraph.xml -r /home/YL_HUANG/8_10/alveo_U50_simple_model/build_dir.hw.xilinx_u50_xdma_201920_1/link/sys_link/_sysl/.cdb/xd_ip_db.xml -o dr.xml
INFO: [CF2BD 82-28] cf2xd finished successfully
INFO: [CF2BD 82-31] Launching cf_xsd: cf_xsd -disable-address-gen -bd pfm_dynamic.bd -dn dr -dp /home/YL_HUANG/8_10/alveo_U50_simple_model/build_dir.hw.xilinx_u50_xdma_201920_1/link/sys_link/_sysl/.xsd
INFO: [CF2BD 82-28] cf_xsd finished successfully
INFO: [SYSTEM_LINK 82-37] [21:16:26] cf2bd finished successfully
Time (s): cpu = 00:00:01 ; elapsed = 00:00:02 . Memory (MB): peak = 287.691 ; gain = 0.000 ; free physical = 90490 ; free virtual = 121263
INFO: [v++ 60-1441] [21:16:26] Run run_link: Step system_link: Completed
Time (s): cpu = 00:00:08 ; elapsed = 00:00:08 . Memory (MB): peak = 687.348 ; gain = 0.000 ; free physical = 90509 ; free virtual = 121282
INFO: [v++ 60-1443] [21:16:26] Run run_link: Step cf2sw: Started
INFO: [v++ 60-1453] Command Line: cf2sw -sdsl /home/YL_HUANG/8_10/alveo_U50_simple_model/build_dir.hw.xilinx_u50_xdma_201920_1/link/int/sdsl.dat -rtd /home/YL_HUANG/8_10/alveo_U50_simple_model/build_dir.hw.xilinx_u50_xdma_201920_1/link/int/cf2sw.rtd -xclbin /home/YL_HUANG/8_10/alveo_U50_simple_model/build_dir.hw.xilinx_u50_xdma_201920_1/link/int/xclbin_orig.xml -o /home/YL_HUANG/8_10/alveo_U50_simple_model/build_dir.hw.xilinx_u50_xdma_201920_1/link/int/xclbin_orig.1.xml
INFO: [v++ 60-1454] Run Directory: /home/YL_HUANG/8_10/alveo_U50_simple_model/build_dir.hw.xilinx_u50_xdma_201920_1/link/run_link
INFO: [v++ 60-1441] [21:16:27] Run run_link: Step cf2sw: Completed
Time (s): cpu = 00:00:00.76 ; elapsed = 00:00:00.86 . Memory (MB): peak = 687.348 ; gain = 0.000 ; free physical = 90531 ; free virtual = 121304
INFO: [v++ 60-1443] [21:16:27] Run run_link: Step rtd2_system_diagram: Started
INFO: [v++ 60-1453] Command Line: rtd2SystemDiagram --rtdJsonFileName /home/YL_HUANG/8_10/alveo_U50_simple_model/build_dir.hw.xilinx_u50_xdma_201920_1/link/int/cf2sw.rtd --diagramJsonFileName /home/YL_HUANG/8_10/alveo_U50_simple_model/build_dir.hw.xilinx_u50_xdma_201920_1/link/int/systemDiagramModel.json --platformFilePath /opt/xilinx/platforms/xilinx_u50_xdma_201920_1/xilinx_u50_xdma_201920_1.xpfm --generatedByName v++ --generatedByVersion 2019.2 --generatedByChangeList 2708876 --generatedByTimeStamp Wed Nov  6 21:39:14 MST 2019 --generatedByOptions /opt/Xilinx/Vitis/2019.2/bin/unwrapped/lnx64.o/v++ -t hw --platform xilinx_u50_xdma_201920_1 --save-temps --temp_dir ./build_dir.hw.xilinx_u50_xdma_201920_1 -l -obuild_dir.hw.xilinx_u50_xdma_201920_1/alveo_hls4ml.xclbin _x.hw.xilinx_u50_xdma_201920_1/alveo_hls4ml.xo --config config.ini --kernel_frequency 200  --generatedByXclbinName alveo_hls4ml --kernelInfoDataFileName /home/YL_HUANG/8_10/alveo_U50_simple_model/build_dir.hw.xilinx_u50_xdma_201920_1/link/int/kernel_info.dat
INFO: [v++ 60-1454] Run Directory: /home/YL_HUANG/8_10/alveo_U50_simple_model/build_dir.hw.xilinx_u50_xdma_201920_1/link/run_link
INFO: [v++ 60-839] Read in kernel information from file '/home/YL_HUANG/8_10/alveo_U50_simple_model/build_dir.hw.xilinx_u50_xdma_201920_1/link/int/kernel_info.dat'.
WARNING: [v++ 82-157] Unable to populate kernel available resources BRAM entry.
WARNING: [v++ 82-158] Unable to populate kernel available resources DSP entry.
INFO: [v++ 60-1441] [21:16:28] Run run_link: Step rtd2_system_diagram: Completed
Time (s): cpu = 00:00:01 ; elapsed = 00:00:02 . Memory (MB): peak = 687.348 ; gain = 0.000 ; free physical = 90546 ; free virtual = 121319
INFO: [v++ 60-1443] [21:16:28] Run run_link: Step vpl: Started
INFO: [v++ 60-1453] Command Line: vpl -t hw -f xilinx_u50_xdma_201920_1 --kernel_frequency 200 -s --output_dir /home/YL_HUANG/8_10/alveo_U50_simple_model/build_dir.hw.xilinx_u50_xdma_201920_1/link/int --log_dir /home/YL_HUANG/8_10/alveo_U50_simple_model/build_dir.hw.xilinx_u50_xdma_201920_1/logs/link --report_dir /home/YL_HUANG/8_10/alveo_U50_simple_model/build_dir.hw.xilinx_u50_xdma_201920_1/reports/link --config /home/YL_HUANG/8_10/alveo_U50_simple_model/build_dir.hw.xilinx_u50_xdma_201920_1/link/int/vplConfig.ini -k /home/YL_HUANG/8_10/alveo_U50_simple_model/build_dir.hw.xilinx_u50_xdma_201920_1/link/int/kernel_info.dat --webtalk_flag Vitis --temp_dir /home/YL_HUANG/8_10/alveo_U50_simple_model/build_dir.hw.xilinx_u50_xdma_201920_1/link --no-info --tlog_dir /home/YL_HUANG/8_10/alveo_U50_simple_model/build_dir.hw.xilinx_u50_xdma_201920_1/.tlog/v++_link_alveo_hls4ml --iprepo /home/YL_HUANG/8_10/alveo_U50_simple_model/build_dir.hw.xilinx_u50_xdma_201920_1/link/int/xo/ip_repo/xilinx_com_hls_alveo_hls4ml_1_0 --messageDb /home/YL_HUANG/8_10/alveo_U50_simple_model/build_dir.hw.xilinx_u50_xdma_201920_1/link/run_link/vpl.pb /home/YL_HUANG/8_10/alveo_U50_simple_model/build_dir.hw.xilinx_u50_xdma_201920_1/link/int/dr.bd.tcl
INFO: [v++ 60-1454] Run Directory: /home/YL_HUANG/8_10/alveo_U50_simple_model/build_dir.hw.xilinx_u50_xdma_201920_1/link/run_link

****** vpl v2019.2 (64-bit)
  **** SW Build 2708876 on Wed Nov  6 21:39:14 MST 2019
    ** Copyright 1986-2019 Xilinx, Inc. All Rights Reserved.

INFO: [VPL 60-839] Read in kernel information from file '/home/YL_HUANG/8_10/alveo_U50_simple_model/build_dir.hw.xilinx_u50_xdma_201920_1/link/int/kernel_info.dat'.
INFO: [VPL 60-423]   Target device: xilinx_u50_xdma_201920_1
INFO: [VPL 60-1032] Extracting hardware platform to /home/YL_HUANG/8_10/alveo_U50_simple_model/build_dir.hw.xilinx_u50_xdma_201920_1/link/vivado/vpl/.local/hw_platform
[21:16:49] Run vpl: Step create_project: Started
Creating Vivado project.
[21:16:53] Run vpl: Step create_project: Completed
[21:16:53] Run vpl: Step create_bd: Started
[21:18:09] Run vpl: Step create_bd: RUNNING...
[21:18:09] Run vpl: Step create_bd: Completed
[21:18:09] Run vpl: Step update_bd: Started
[21:18:10] Run vpl: Step update_bd: Completed
[21:18:10] Run vpl: Step generate_target: Started
[21:18:54] Run vpl: Step generate_target: Completed
[21:18:54] Run vpl: Step config_hw_runs: Started
[21:19:01] Run vpl: Step config_hw_runs: Completed
[21:19:01] Run vpl: Step synth: Started
[21:19:32] Block-level synthesis in progress, 0 of 55 jobs complete, 8 jobs running.
[21:20:02] Block-level synthesis in progress, 0 of 55 jobs complete, 8 jobs running.
[21:20:33] Block-level synthesis in progress, 0 of 55 jobs complete, 8 jobs running.
[21:21:04] Block-level synthesis in progress, 0 of 55 jobs complete, 8 jobs running.
[21:21:34] Block-level synthesis in progress, 0 of 55 jobs complete, 8 jobs running.
[21:22:04] Block-level synthesis in progress, 0 of 55 jobs complete, 8 jobs running.
[21:22:35] Block-level synthesis in progress, 6 of 55 jobs complete, 2 jobs running.
[21:23:05] Block-level synthesis in progress, 6 of 55 jobs complete, 7 jobs running.
[21:23:35] Block-level synthesis in progress, 9 of 55 jobs complete, 5 jobs running.
[21:24:05] Block-level synthesis in progress, 9 of 55 jobs complete, 8 jobs running.
[21:24:36] Block-level synthesis in progress, 9 of 55 jobs complete, 8 jobs running.
[21:25:06] Block-level synthesis in progress, 9 of 55 jobs complete, 8 jobs running.
[21:25:36] Block-level synthesis in progress, 9 of 55 jobs complete, 8 jobs running.
[21:26:07] Block-level synthesis in progress, 11 of 55 jobs complete, 6 jobs running.
[21:26:37] Block-level synthesis in progress, 14 of 55 jobs complete, 5 jobs running.
[21:27:08] Block-level synthesis in progress, 17 of 55 jobs complete, 5 jobs running.
[21:27:38] Block-level synthesis in progress, 17 of 55 jobs complete, 8 jobs running.
[21:28:08] Block-level synthesis in progress, 17 of 55 jobs complete, 8 jobs running.
[21:28:39] Block-level synthesis in progress, 17 of 55 jobs complete, 8 jobs running.
[21:29:09] Block-level synthesis in progress, 17 of 55 jobs complete, 8 jobs running.
[21:29:40] Block-level synthesis in progress, 17 of 55 jobs complete, 8 jobs running.
[21:30:10] Block-level synthesis in progress, 21 of 55 jobs complete, 4 jobs running.
[21:30:41] Block-level synthesis in progress, 26 of 55 jobs complete, 3 jobs running.
[21:31:11] Block-level synthesis in progress, 27 of 55 jobs complete, 6 jobs running.
[21:31:42] Block-level synthesis in progress, 28 of 55 jobs complete, 7 jobs running.
[21:32:12] Block-level synthesis in progress, 28 of 55 jobs complete, 8 jobs running.
[21:32:43] Block-level synthesis in progress, 28 of 55 jobs complete, 8 jobs running.
[21:33:13] Block-level synthesis in progress, 28 of 55 jobs complete, 8 jobs running.
[21:33:44] Block-level synthesis in progress, 33 of 55 jobs complete, 3 jobs running.
[21:34:14] Block-level synthesis in progress, 38 of 55 jobs complete, 3 jobs running.
[21:34:45] Block-level synthesis in progress, 38 of 55 jobs complete, 6 jobs running.
[21:35:15] Block-level synthesis in progress, 39 of 55 jobs complete, 7 jobs running.
[21:35:46] Block-level synthesis in progress, 39 of 55 jobs complete, 8 jobs running.
[21:36:17] Block-level synthesis in progress, 39 of 55 jobs complete, 8 jobs running.
[21:36:47] Block-level synthesis in progress, 39 of 55 jobs complete, 8 jobs running.
[21:37:18] Block-level synthesis in progress, 40 of 55 jobs complete, 7 jobs running.
[21:37:48] Block-level synthesis in progress, 44 of 55 jobs complete, 4 jobs running.
[21:38:19] Block-level synthesis in progress, 47 of 55 jobs complete, 4 jobs running.
[21:38:49] Block-level synthesis in progress, 48 of 55 jobs complete, 6 jobs running.
[21:39:20] Block-level synthesis in progress, 48 of 55 jobs complete, 6 jobs running.
[21:39:50] Block-level synthesis in progress, 48 of 55 jobs complete, 6 jobs running.
[21:40:21] Block-level synthesis in progress, 48 of 55 jobs complete, 6 jobs running.
[21:40:51] Block-level synthesis in progress, 50 of 55 jobs complete, 4 jobs running.
[21:41:22] Block-level synthesis in progress, 52 of 55 jobs complete, 3 jobs running.
[21:41:52] Block-level synthesis in progress, 55 of 55 jobs complete, 0 jobs running.
[21:42:23] Block-level synthesis in progress, 55 of 55 jobs complete, 0 jobs running.
[21:42:53] Top-level synthesis in progress.
[21:43:24] Top-level synthesis in progress.
[21:43:55] Top-level synthesis in progress.
[21:44:25] Top-level synthesis in progress.
[21:44:56] Top-level synthesis in progress.
[21:45:26] Run vpl: Step synth: Completed
[21:45:26] Run vpl: Step impl: Started
[21:53:34] Finished 2nd of 6 tasks (FPGA linking synthesized kernels to platform). Elapsed time: 00h 37m 04s 

[21:53:34] Starting logic optimization..
[21:54:05] Phase 1 Generate And Synthesize Debug Cores
[21:55:36] Phase 2 Retarget
[21:56:06] Phase 3 Constant propagation
[21:56:06] Phase 4 Sweep
[21:56:37] Phase 5 BUFG optimization
[21:57:07] Phase 6 Shift Register Optimization
[21:57:07] Phase 7 Post Processing Netlist
[21:58:08] Finished 3rd of 6 tasks (FPGA logic optimization). Elapsed time: 00h 04m 33s 

[21:58:08] Starting logic placement..
[21:58:08] Phase 1 Placer Initialization
[21:58:08] Phase 1.1 Placer Initialization Netlist Sorting
[21:59:40] Phase 1.2 IO Placement/ Clock Placement/ Build Placer Device
[22:00:40] Phase 1.3 Build Placer Netlist Model
[22:01:42] Phase 1.4 Constrain Clocks/Macros
[22:01:42] Phase 2 Global Placement
[22:01:42] Phase 2.1 Floorplanning
[22:02:42] Phase 2.2 Global Placement Core
[22:07:17] Phase 2.2.1 Physical Synthesis In Placer
[22:08:18] Phase 3 Detail Placement
[22:08:18] Phase 3.1 Commit Multi Column Macros
[22:08:18] Phase 3.2 Commit Most Macros & LUTRAMs
[22:08:18] Phase 3.3 Area Swap Optimization
[22:08:18] Phase 3.4 Pipeline Register Optimization
[22:08:18] Phase 3.5 IO Cut Optimizer
[22:08:18] Phase 3.6 Fast Optimization
[22:08:48] Phase 3.7 Small Shape DP
[22:08:48] Phase 3.7.1 Small Shape Clustering
[22:08:48] Phase 3.7.2 Flow Legalize Slice Clusters
[22:09:19] Phase 3.7.3 Slice Area Swap
[22:09:19] Phase 3.7.4 Commit Slice Clusters
[22:09:19] Phase 3.8 Place Remaining
[22:09:19] Phase 3.9 Re-assign LUT pins
[22:09:49] Phase 3.10 Pipeline Register Optimization
[22:09:49] Phase 3.11 Fast Optimization
[22:12:22] Phase 4 Post Placement Optimization and Clean-Up
[22:12:22] Phase 4.1 Post Commit Optimization
[22:12:22] Phase 4.1.1 Post Placement Optimization
[22:12:52] Phase 4.1.1.1 BUFG Insertion
[22:12:52] Phase 4.1.1.2 BUFG Replication
[22:13:22] Phase 4.1.1.3 Replication
[22:13:22] Phase 4.2 Post Placement Cleanup
[22:13:53] Phase 4.3 Placer Reporting
[22:13:53] Phase 4.4 Final Placement Cleanup
[22:17:26] Finished 4th of 6 tasks (FPGA logic placement). Elapsed time: 00h 19m 17s 

[22:17:26] Starting logic routing..
[22:17:57] Phase 1 Build RT Design
[22:19:28] Phase 2 Router Initialization
[22:19:28] Phase 2.1 Fix Topology Constraints
[22:19:28] Phase 2.2 Pre Route Cleanup
[22:19:28] Phase 2.3 Global Clock Net Routing
[22:19:28] Phase 2.4 Update Timing
[22:20:29] Phase 2.5 Update Timing for Bus Skew
[22:20:29] Phase 2.5.1 Update Timing
[22:21:00] Phase 3 Initial Routing
[22:21:30] Phase 4 Rip-up And Reroute
[22:21:30] Phase 4.1 Global Iteration 0
[22:23:32] Phase 4.2 Global Iteration 1
[22:24:02] Phase 4.3 Global Iteration 2
[22:24:33] Phase 5 Delay and Skew Optimization
[22:24:33] Phase 5.1 Delay CleanUp
[22:24:33] Phase 5.1.1 Update Timing
[22:25:03] Phase 5.2 Clock Skew Optimization
[22:25:03] Phase 6 Post Hold Fix
[22:25:03] Phase 6.1 Hold Fix Iter
[22:25:03] Phase 6.1.1 Update Timing
[22:25:34] Phase 7 Leaf Clock Prog Delay Opt
[22:25:34] Phase 8 Route finalize
[22:26:04] Phase 9 Verifying routed nets
[22:26:04] Phase 10 Depositing Routes
[22:26:04] Phase 11 Post Router Timing
[22:26:04] Finished 5th of 6 tasks (FPGA routing). Elapsed time: 00h 08m 38s 

[22:26:04] Starting bitstream generation..
[22:32:10] Creating bitmap...
[22:36:14] Writing bitstream ./pfm_top_i_L1_L1_URP_my_rm_partial.bit...
[22:36:14] Finished 6th of 6 tasks (FPGA bitstream generation). Elapsed time: 00h 10m 09s 
[22:36:51] Run vpl: Step impl: Completed
[22:36:52] Run vpl: FINISHED. Run Status: impl Complete!
INFO: [v++ 60-1441] [22:36:52] Run run_link: Step vpl: Completed
Time (s): cpu = 00:01:08 ; elapsed = 01:20:24 . Memory (MB): peak = 687.348 ; gain = 0.000 ; free physical = 100263 ; free virtual = 130474
INFO: [v++ 60-1443] [22:36:52] Run run_link: Step rtdgen: Started
INFO: [v++ 60-1453] Command Line: rtdgen
INFO: [v++ 60-1454] Run Directory: /home/YL_HUANG/8_10/alveo_U50_simple_model/build_dir.hw.xilinx_u50_xdma_201920_1/link/run_link
INFO: [v++ 60-991] clock name 'clkwiz_kernel2_clk_out1' (clock ID '1') is being mapped to clock name 'KERNEL_CLK' in the xclbin
INFO: [v++ 60-991] clock name 'clkwiz_kernel_clk_out1' (clock ID '0') is being mapped to clock name 'DATA_CLK' in the xclbin
INFO: [v++ 60-1230] The compiler selected the following frequencies for the runtime controllable kernel clock(s) and scalable system clock(s): Kernel (KERNEL) clock: clkwiz_kernel2_clk_out1 = 500, Kernel (DATA) clock: clkwiz_kernel_clk_out1 = 200
INFO: [v++ 60-1453] Command Line: cf2sw -a /home/YL_HUANG/8_10/alveo_U50_simple_model/build_dir.hw.xilinx_u50_xdma_201920_1/link/int/address_map.xml -sdsl /home/YL_HUANG/8_10/alveo_U50_simple_model/build_dir.hw.xilinx_u50_xdma_201920_1/link/int/sdsl.dat -xclbin /home/YL_HUANG/8_10/alveo_U50_simple_model/build_dir.hw.xilinx_u50_xdma_201920_1/link/int/xclbin_orig.xml -rtd /home/YL_HUANG/8_10/alveo_U50_simple_model/build_dir.hw.xilinx_u50_xdma_201920_1/link/int/alveo_hls4ml.rtd -o /home/YL_HUANG/8_10/alveo_U50_simple_model/build_dir.hw.xilinx_u50_xdma_201920_1/link/int/alveo_hls4ml.xml
INFO: [v++ 60-1618] Launching 
INFO: [v++ 60-1441] [22:36:54] Run run_link: Step rtdgen: Completed
Time (s): cpu = 00:00:02 ; elapsed = 00:00:02 . Memory (MB): peak = 687.348 ; gain = 0.000 ; free physical = 100261 ; free virtual = 130472
INFO: [v++ 60-1443] [22:36:54] Run run_link: Step xclbinutil: Started
INFO: [v++ 60-1453] Command Line: xclbinutil --add-section BITSTREAM:RAW:/home/YL_HUANG/8_10/alveo_U50_simple_model/build_dir.hw.xilinx_u50_xdma_201920_1/link/int/partial.bit --force --key-value SYS:mode:hw_pr --add-section :JSON:/home/YL_HUANG/8_10/alveo_U50_simple_model/build_dir.hw.xilinx_u50_xdma_201920_1/link/int/alveo_hls4ml.rtd --append-section :JSON:/home/YL_HUANG/8_10/alveo_U50_simple_model/build_dir.hw.xilinx_u50_xdma_201920_1/link/int/appendSection.rtd --add-section CLOCK_FREQ_TOPOLOGY:JSON:/home/YL_HUANG/8_10/alveo_U50_simple_model/build_dir.hw.xilinx_u50_xdma_201920_1/link/int/alveo_hls4ml_xml.rtd --add-section BUILD_METADATA:JSON:/home/YL_HUANG/8_10/alveo_U50_simple_model/build_dir.hw.xilinx_u50_xdma_201920_1/link/int/alveo_hls4ml_build.rtd --add-section EMBEDDED_METADATA:RAW:/home/YL_HUANG/8_10/alveo_U50_simple_model/build_dir.hw.xilinx_u50_xdma_201920_1/link/int/alveo_hls4ml.xml --add-section SYSTEM_METADATA:RAW:/home/YL_HUANG/8_10/alveo_U50_simple_model/build_dir.hw.xilinx_u50_xdma_201920_1/link/int/systemDiagramModelSlrBaseAddress.json --output /home/YL_HUANG/8_10/alveo_U50_simple_model/build_dir.hw.xilinx_u50_xdma_201920_1/link/int/alveo_hls4ml.xclbin
INFO: [v++ 60-1454] Run Directory: /home/YL_HUANG/8_10/alveo_U50_simple_model/build_dir.hw.xilinx_u50_xdma_201920_1/link/run_link
XRT Build Version: 2.3.1301
       Build Date: 2019-10-25 03:04:42
          Hash ID: 192e706aea53163a04c574f9b3fe9ed76b6ca471
Creating a default 'in-memory' xclbin image.

Section: 'BITSTREAM'(0) was successfully added.
Size   : 31861606 bytes
Format : RAW
File   : '/home/YL_HUANG/8_10/alveo_U50_simple_model/build_dir.hw.xilinx_u50_xdma_201920_1/link/int/partial.bit'

Section: 'MEM_TOPOLOGY'(6) was successfully added.
Format : JSON
File   : 'mem_topology'

Section: 'IP_LAYOUT'(8) was successfully added.
Format : JSON
File   : 'ip_layout'

Section: 'CONNECTIVITY'(7) was successfully added.
Format : JSON
File   : 'connectivity'

Section: 'CLOCK_FREQ_TOPOLOGY'(11) was successfully added.
Size   : 274 bytes
Format : JSON
File   : '/home/YL_HUANG/8_10/alveo_U50_simple_model/build_dir.hw.xilinx_u50_xdma_201920_1/link/int/alveo_hls4ml_xml.rtd'

Section: 'BUILD_METADATA'(14) was successfully added.
Size   : 3019 bytes
Format : JSON
File   : '/home/YL_HUANG/8_10/alveo_U50_simple_model/build_dir.hw.xilinx_u50_xdma_201920_1/link/int/alveo_hls4ml_build.rtd'

Section: 'EMBEDDED_METADATA'(2) was successfully added.
Size   : 9209 bytes
Format : RAW
File   : '/home/YL_HUANG/8_10/alveo_U50_simple_model/build_dir.hw.xilinx_u50_xdma_201920_1/link/int/alveo_hls4ml.xml'

Section: 'SYSTEM_METADATA'(22) was successfully added.
Size   : 11011 bytes
Format : RAW
File   : '/home/YL_HUANG/8_10/alveo_U50_simple_model/build_dir.hw.xilinx_u50_xdma_201920_1/link/int/systemDiagramModelSlrBaseAddress.json'

Section: 'IP_LAYOUT'(8) was successfully appended to.
Format : JSON
File   : 'ip_layout'
Successfully wrote (31902389 bytes) to the output file: /home/YL_HUANG/8_10/alveo_U50_simple_model/build_dir.hw.xilinx_u50_xdma_201920_1/link/int/alveo_hls4ml.xclbin
Leaving xclbinutil.
INFO: [v++ 60-1441] [22:36:55] Run run_link: Step xclbinutil: Completed
Time (s): cpu = 00:00:00 ; elapsed = 00:00:00.04 . Memory (MB): peak = 687.348 ; gain = 0.000 ; free physical = 100230 ; free virtual = 130471
INFO: [v++ 60-1443] [22:36:55] Run run_link: Step xclbinutilinfo: Started
INFO: [v++ 60-1453] Command Line: xclbinutil --quiet --info /home/YL_HUANG/8_10/alveo_U50_simple_model/build_dir.hw.xilinx_u50_xdma_201920_1/link/int/alveo_hls4ml.xclbin.info --input /home/YL_HUANG/8_10/alveo_U50_simple_model/build_dir.hw.xilinx_u50_xdma_201920_1/link/int/alveo_hls4ml.xclbin
INFO: [v++ 60-1454] Run Directory: /home/YL_HUANG/8_10/alveo_U50_simple_model/build_dir.hw.xilinx_u50_xdma_201920_1/link/run_link
INFO: [v++ 60-1441] [22:36:55] Run run_link: Step xclbinutilinfo: Completed
Time (s): cpu = 00:00:00.24 ; elapsed = 00:00:00.26 . Memory (MB): peak = 687.348 ; gain = 0.000 ; free physical = 100231 ; free virtual = 130472
INFO: [v++ 60-244] Generating system estimate report...
INFO: [v++ 60-1092] Generated system estimate report: /home/YL_HUANG/8_10/alveo_U50_simple_model/build_dir.hw.xilinx_u50_xdma_201920_1/reports/link/system_estimate_alveo_hls4ml.xtxt
INFO: [v++ 60-586] Created /home/YL_HUANG/8_10/alveo_U50_simple_model/build_dir.hw.xilinx_u50_xdma_201920_1/alveo_hls4ml.ltx
INFO: [v++ 60-586] Created build_dir.hw.xilinx_u50_xdma_201920_1/alveo_hls4ml.xclbin
INFO: [v++ 60-1307] Run completed. Additional information can be found in:
	Guidance: /home/YL_HUANG/8_10/alveo_U50_simple_model/build_dir.hw.xilinx_u50_xdma_201920_1/reports/link/v++_link_alveo_hls4ml_guidance.html
	Timing Report: /home/YL_HUANG/8_10/alveo_U50_simple_model/build_dir.hw.xilinx_u50_xdma_201920_1/reports/link/imp/xilinx_u50_xdma_201920_1_bb_locked_timing_summary_routed.rpt
	Utilizations Report: /home/YL_HUANG/8_10/alveo_U50_simple_model/build_dir.hw.xilinx_u50_xdma_201920_1/reports/link/imp/kernel_util_routed.rpt
	Vivado Log: /home/YL_HUANG/8_10/alveo_U50_simple_model/build_dir.hw.xilinx_u50_xdma_201920_1/logs/link/vivado.log
	Steps Log File: /home/YL_HUANG/8_10/alveo_U50_simple_model/build_dir.hw.xilinx_u50_xdma_201920_1/logs/link/link.steps.log

INFO: [v++ 60-791] Total elapsed time: 1h 20m 45s
