

================================================================
== Vivado HLS Report for 'cnnshift_arr_ap_fixed_16_14_5_3_0_ap_fixed_16_14_5_3_0_config2_s'
================================================================
* Date:           Mon Sep 11 21:15:42 2023

* Version:        2019.2 (Build 2704478 on Wed Nov 06 22:10:23 MST 2019)
* Project:        alveo_hls4ml
* Solution:       solution
* Product family: virtexuplus
* Target device:  xcu50-fsvh2104-2L-e


================================================================
== Performance Estimates
================================================================
+ Timing: 
    * Summary: 
    +--------+---------+----------+------------+
    |  Clock |  Target | Estimated| Uncertainty|
    +--------+---------+----------+------------+
    |ap_clk  | 5.00 ns | 1.222 ns |   0.90 ns  |
    +--------+---------+----------+------------+

+ Latency: 
    * Summary: 
    +---------+---------+----------+----------+-----+-----+----------+
    |  Latency (cycles) |  Latency (absolute) |  Interval | Pipeline |
    |   min   |   max   |    min   |    max   | min | max |   Type   |
    +---------+---------+----------+----------+-----+-----+----------+
    |        0|        0|   0 ns   |   0 ns   |    1|    1| function |
    +---------+---------+----------+----------+-----+-----+----------+

    + Detail: 
        * Instance: 
        N/A

        * Loop: 
        N/A



================================================================
== Utilization Estimates
================================================================
* Summary: 
+---------------------+---------+-------+---------+--------+-----+
|         Name        | BRAM_18K| DSP48E|    FF   |   LUT  | URAM|
+---------------------+---------+-------+---------+--------+-----+
|DSP                  |        -|      -|        -|       -|    -|
|Expression           |        -|      -|        -|       -|    -|
|FIFO                 |        -|      -|        -|       -|    -|
|Instance             |        -|      -|        -|       -|    -|
|Memory               |        0|      -|     1024|     512|    -|
|Multiplexer          |        -|      -|        -|       -|    -|
|Register             |        -|      -|        1|       -|    -|
+---------------------+---------+-------+---------+--------+-----+
|Total                |        0|      0|     1025|     512|    0|
+---------------------+---------+-------+---------+--------+-----+
|Available SLR        |     1344|   2976|   871680|  435840|  320|
+---------------------+---------+-------+---------+--------+-----+
|Utilization SLR (%)  |        0|      0|    ~0   |   ~0   |    0|
+---------------------+---------+-------+---------+--------+-----+
|Available            |     2688|   5952|  1743360|  871680|  640|
+---------------------+---------+-------+---------+--------+-----+
|Utilization (%)      |        0|      0|    ~0   |   ~0   |    0|
+---------------------+---------+-------+---------+--------+-----+

+ Detail: 
    * Instance: 
    N/A

    * DSP48E: 
    N/A

    * Memory: 
    +----------------------------+----------------------------------------------------------------------------------+---------+----+----+-----+------+-----+------+-------------+
    |           Memory           |                                      Module                                      | BRAM_18K| FF | LUT| URAM| Words| Bits| Banks| W*Bits*Banks|
    +----------------------------+----------------------------------------------------------------------------------+---------+----+----+-----+------+-----+------+-------------+
    |layer_in_row_Array_V_0_0_U  |cnnshift_arr_ap_fixed_16_14_5_3_0_ap_fixed_16_14_5_3_0_config2_s_layer_in_rowbkb  |        0|  64|  32|    0|     5|   16|     1|           80|
    |layer_in_row_Array_V_1_0_U  |cnnshift_arr_ap_fixed_16_14_5_3_0_ap_fixed_16_14_5_3_0_config2_s_layer_in_rowbkb  |        0|  64|  32|    0|     5|   16|     1|           80|
    |layer_in_row_Array_V_0_1_U  |cnnshift_arr_ap_fixed_16_14_5_3_0_ap_fixed_16_14_5_3_0_config2_s_layer_in_rowbkb  |        0|  64|  32|    0|     5|   16|     1|           80|
    |layer_in_row_Array_V_1_1_U  |cnnshift_arr_ap_fixed_16_14_5_3_0_ap_fixed_16_14_5_3_0_config2_s_layer_in_rowbkb  |        0|  64|  32|    0|     5|   16|     1|           80|
    |layer_in_row_Array_V_0_2_U  |cnnshift_arr_ap_fixed_16_14_5_3_0_ap_fixed_16_14_5_3_0_config2_s_layer_in_rowbkb  |        0|  64|  32|    0|     5|   16|     1|           80|
    |layer_in_row_Array_V_1_2_U  |cnnshift_arr_ap_fixed_16_14_5_3_0_ap_fixed_16_14_5_3_0_config2_s_layer_in_rowbkb  |        0|  64|  32|    0|     5|   16|     1|           80|
    |layer_in_row_Array_V_0_3_U  |cnnshift_arr_ap_fixed_16_14_5_3_0_ap_fixed_16_14_5_3_0_config2_s_layer_in_rowbkb  |        0|  64|  32|    0|     5|   16|     1|           80|
    |layer_in_row_Array_V_1_3_U  |cnnshift_arr_ap_fixed_16_14_5_3_0_ap_fixed_16_14_5_3_0_config2_s_layer_in_rowbkb  |        0|  64|  32|    0|     5|   16|     1|           80|
    |layer_in_row_Array_V_0_4_U  |cnnshift_arr_ap_fixed_16_14_5_3_0_ap_fixed_16_14_5_3_0_config2_s_layer_in_rowbkb  |        0|  64|  32|    0|     5|   16|     1|           80|
    |layer_in_row_Array_V_1_4_U  |cnnshift_arr_ap_fixed_16_14_5_3_0_ap_fixed_16_14_5_3_0_config2_s_layer_in_rowbkb  |        0|  64|  32|    0|     5|   16|     1|           80|
    |layer_in_row_Array_V_0_5_U  |cnnshift_arr_ap_fixed_16_14_5_3_0_ap_fixed_16_14_5_3_0_config2_s_layer_in_rowbkb  |        0|  64|  32|    0|     5|   16|     1|           80|
    |layer_in_row_Array_V_1_5_U  |cnnshift_arr_ap_fixed_16_14_5_3_0_ap_fixed_16_14_5_3_0_config2_s_layer_in_rowbkb  |        0|  64|  32|    0|     5|   16|     1|           80|
    |layer_in_row_Array_V_0_6_U  |cnnshift_arr_ap_fixed_16_14_5_3_0_ap_fixed_16_14_5_3_0_config2_s_layer_in_rowbkb  |        0|  64|  32|    0|     5|   16|     1|           80|
    |layer_in_row_Array_V_1_6_U  |cnnshift_arr_ap_fixed_16_14_5_3_0_ap_fixed_16_14_5_3_0_config2_s_layer_in_rowbkb  |        0|  64|  32|    0|     5|   16|     1|           80|
    |layer_in_row_Array_V_0_7_U  |cnnshift_arr_ap_fixed_16_14_5_3_0_ap_fixed_16_14_5_3_0_config2_s_layer_in_rowbkb  |        0|  64|  32|    0|     5|   16|     1|           80|
    |layer_in_row_Array_V_1_7_U  |cnnshift_arr_ap_fixed_16_14_5_3_0_ap_fixed_16_14_5_3_0_config2_s_layer_in_rowbkb  |        0|  64|  32|    0|     5|   16|     1|           80|
    +----------------------------+----------------------------------------------------------------------------------+---------+----+----+-----+------+-----+------+-------------+
    |Total                       |                                                                                  |        0|1024| 512|    0|    80|  256|    16|         1280|
    +----------------------------+----------------------------------------------------------------------------------+---------+----+----+-----+------+-----+------+-------------+

    * FIFO: 
    N/A

    * Expression: 
    N/A

    * Multiplexer: 
    N/A

    * Register: 
    +-----------+---+----+-----+-----------+
    |    Name   | FF| LUT| Bits| Const Bits|
    +-----------+---+----+-----+-----------+
    |ap_CS_fsm  |  1|   0|    1|          0|
    +-----------+---+----+-----+-----------+
    |Total      |  1|   0|    1|          0|
    +-----------+---+----+-----+-----------+



================================================================
== Interface
================================================================
* Summary: 
+---------------+-----+------+------------+-----------------------------------------------------------------------------+--------------+
|   RTL Ports   | Dir | Bits |  Protocol  |                                Source Object                                |    C Type    |
+---------------+-----+------+------------+-----------------------------------------------------------------------------+--------------+
|ap_clk         |  in |     1| ap_ctrl_hs | cnnshift_arr<ap_fixed<16, 14, 5, 3, 0>, ap_fixed<16, 14, 5, 3, 0>, config2> | return value |
|ap_rst         |  in |     1| ap_ctrl_hs | cnnshift_arr<ap_fixed<16, 14, 5, 3, 0>, ap_fixed<16, 14, 5, 3, 0>, config2> | return value |
|ap_start       |  in |     1| ap_ctrl_hs | cnnshift_arr<ap_fixed<16, 14, 5, 3, 0>, ap_fixed<16, 14, 5, 3, 0>, config2> | return value |
|ap_done        | out |     1| ap_ctrl_hs | cnnshift_arr<ap_fixed<16, 14, 5, 3, 0>, ap_fixed<16, 14, 5, 3, 0>, config2> | return value |
|ap_idle        | out |     1| ap_ctrl_hs | cnnshift_arr<ap_fixed<16, 14, 5, 3, 0>, ap_fixed<16, 14, 5, 3, 0>, config2> | return value |
|ap_ready       | out |     1| ap_ctrl_hs | cnnshift_arr<ap_fixed<16, 14, 5, 3, 0>, ap_fixed<16, 14, 5, 3, 0>, config2> | return value |
|ap_return      | out |  1152| ap_ctrl_hs | cnnshift_arr<ap_fixed<16, 14, 5, 3, 0>, ap_fixed<16, 14, 5, 3, 0>, config2> | return value |
|data_V_read    |  in |   128|   ap_none  |                                 data_V_read                                 |    scalar    |
|output_V_read  |  in |  1152|   ap_none  |                                output_V_read                                |    scalar    |
+---------------+-----+------+------------+-----------------------------------------------------------------------------+--------------+

